<?xml version="1.0" encoding="UTF-8"?>
<testng-results ignored="0" total="1" passed="1" failed="0" skipped="0">
  <reporter-output>
  </reporter-output>
  <suite started-at="2021-09-09T18:35:27 IST" name="Default suite" finished-at="2021-09-09T18:35:57 IST" duration-ms="30073">
    <groups>
    </groups>
    <test started-at="2021-09-09T18:35:27 IST" name="Default test" finished-at="2021-09-09T18:35:57 IST" duration-ms="30073">
      <class name="TestCases.LoginApplication">
        <test-method signature="Login()[pri:0, instance:TestCases.LoginApplication@73e9cf30]" started-at="2021-09-09T18:35:27 IST" name="Login" finished-at="2021-09-09T18:35:57 IST" duration-ms="29987" status="PASS">
          <reporter-output>
          </reporter-output>
        </test-method> <!-- Login -->
      </class> <!-- TestCases.LoginApplication -->
    </test> <!-- Default test -->
  </suite> <!-- Default suite -->
</testng-results>
